\BOOKMARK [1][-]{section.1}{Programmering}{}% 1
\BOOKMARK [2][-]{subsection.1.1}{Hvorfor skal elevene l\346re programmering?}{section.1}% 2
\BOOKMARK [3][-]{subsubsection.1.1.1}{Generelle grunner}{subsection.1.1}% 3
\BOOKMARK [3][-]{subsubsection.1.1.2}{Pedagogiske og didaktiske grunner}{subsection.1.1}% 4
\BOOKMARK [2][-]{subsection.1.2}{Vanlig faglig problemstilling i grunnskolen:}{section.1}% 5
\BOOKMARK [2][-]{subsection.1.3}{Andre aktuelle anvendelser}{section.1}% 6
\BOOKMARK [1][-]{section.2}{Et enkelt program}{}% 7
\BOOKMARK [1][-]{section.3}{Et program som behandler tall}{}% 8
\BOOKMARK [1][-]{section.4}{Forbedring av programmet}{}% 9
\BOOKMARK [1][-]{section.5}{Oppgaver for \345 komme i gang med python}{}% 10
\BOOKMARK [2][-]{subsection.5.1}{Oppgave 1}{section.5}% 11
\BOOKMARK [2][-]{subsection.5.2}{Oppgave 2}{section.5}% 12
\BOOKMARK [2][-]{subsection.5.3}{Oppgave 3}{section.5}% 13
\BOOKMARK [2][-]{subsection.5.4}{Oppgave 4: Lag et didaktisk verkt\370y}{section.5}% 14
\BOOKMARK [2][-]{subsection.5.5}{Oppgave 5}{section.5}% 15
\BOOKMARK [2][-]{subsection.5.6}{Oppgave 6}{section.5}% 16
\BOOKMARK [2][-]{subsection.5.7}{Oppgave 7: Bruk en komplisert formel}{section.5}% 17
\BOOKMARK [1][-]{section.6}{Noen konkrete anvendelser}{}% 18
\BOOKMARK [2][-]{subsubsection.6.0.1}{Eksempel p\345 algoritmisk tenkning}{section.6}% 19
\BOOKMARK [3][-]{subsubsection.6.0.2}{Tidsperspektiv p\345 slike prosjekter}{subsubsection.6.0.1}% 20
\BOOKMARK [3][-]{subsubsection.6.0.3}{L\346ringsverdi}{subsubsection.6.0.1}% 21
\BOOKMARK [3][-]{subsubsection.6.0.4}{Behandling av store datasett}{subsubsection.6.0.1}% 22
\BOOKMARK [2][-]{subsection.6.1}{Andre anvendelser}{section.6}% 23
\BOOKMARK [1][-]{section.7}{Viktigst: Ha det g\370y. La elevene ha det g\370y med koding}{}% 24
